Arguments: 
  /nix/store/7ppnyqmp1c92gkfrixbz99sw7q6ifkg1-nodejs-18.12.1/bin/node /etc/profiles/per-user/doppler/bin/yarn

PATH: 
  /nix/store/pywihf49yjhn1rim6xqh3x4hbi55y3wn-zplug-2.4.2/bin:/home/doppler/.zplug/bin:/run/wrappers/bin:/home/doppler/.nix-profile/bin:/etc/profiles/per-user/doppler/bin:/nix/var/nix/profiles/default/bin:/run/current-system/sw/bin

Yarn version: 
  1.22.19

Node version: 
  18.12.1

Platform: 
  linux x64

Trace: 
  Error: connect ENETUNREACH 2606:4700::6810:1123:443
      at TCPConnectWrap.afterConnect [as oncomplete] (node:net:1300:16)

npm manifest: 
  {
  	"name": "starts-with-a",
  	"version": "0.0.1",
  	"private": true,
  	"scripts": {
  		"dev": "vite dev",
  		"build": "vite build",
  		"preview": "vite preview",
  		"check": "svelte-kit sync && svelte-check --tsconfig ./tsconfig.json",
  		"check:watch": "svelte-kit sync && svelte-check --tsconfig ./tsconfig.json --watch",
  		"lint": "prettier --plugin-search-dir . --check .",
  		"format": "prettier --plugin-search-dir . --write ."
  	},
  	"devDependencies": {
  		"@sveltejs/adapter-auto": "next",
  		"@sveltejs/kit": "next",
  		"prettier": "^2.8.0",
  		"prettier-plugin-svelte": "^2.8.1",
  		"svelte": "^3.53.1",
  		"svelte-check": "^2.9.2",
  		"svelte-preprocess": "^4.10.7",
  		"tslib": "^2.4.1",
  		"typescript": "^4.9.3",
  		"vite": "^3.2.4"
  	},
  	"type": "module"
  }

yarn manifest: 
  No manifest

Lockfile: 
  No lockfile
